<?xml version="1.0" encoding="UTF-8"?>
<testng-results skipped="0" failed="0" total="21" passed="21">
  <reporter-output>
  </reporter-output>
  <suite name="TestFile" duration-ms="8549" started-at="2018-06-22T11:21:34Z" finished-at="2018-06-22T11:21:42Z">
    <groups>
    </groups>
    <test name="Command line test" duration-ms="8549" started-at="2018-06-22T11:21:34Z" finished-at="2018-06-22T11:21:42Z">
      <class name="TestFile">
        <test-method status="PASS" signature="OpenCourseWebSite()[pri:0, instance:TestFile@f71333]" name="OpenCourseWebSite" is-config="true" duration-ms="3216" started-at="2018-06-22T16:51:34Z" finished-at="2018-06-22T16:51:37Z">
          <reporter-output>
          </reporter-output>
        </test-method> <!-- OpenCourseWebSite -->
        <test-method status="PASS" signature="CourseSelect()[pri:0, instance:TestFile@f71333]" name="CourseSelect" duration-ms="152" started-at="2018-06-22T16:51:37Z" finished-at="2018-06-22T16:51:37Z">
          <reporter-output>
          </reporter-output>
        </test-method> <!-- CourseSelect -->
        <test-method status="PASS" signature="CheckGridPage()[pri:0, instance:TestFile@f71333]" name="CheckGridPage" duration-ms="40" started-at="2018-06-22T16:51:37Z" depends-on-methods="TestFile.CourseSelect" finished-at="2018-06-22T16:51:37Z">
          <reporter-output>
          </reporter-output>
        </test-method> <!-- CheckGridPage -->
        <test-method status="PASS" signature="SelectRedBox()[pri:0, instance:TestFile@f71333]" name="SelectRedBox" duration-ms="100" started-at="2018-06-22T16:51:37Z" depends-on-methods="TestFile.CheckGridPage" finished-at="2018-06-22T16:51:37Z">
          <reporter-output>
          </reporter-output>
        </test-method> <!-- SelectRedBox -->
        <test-method status="PASS" signature="SelectGreenBox()[pri:0, instance:TestFile@f71333]" name="SelectGreenBox" duration-ms="240" started-at="2018-06-22T16:51:37Z" depends-on-methods="TestFile.CheckGridPage" finished-at="2018-06-22T16:51:37Z">
          <reporter-output>
          </reporter-output>
        </test-method> <!-- SelectGreenBox -->
        <test-method status="PASS" signature="CheckMatchPage()[pri:0, instance:TestFile@f71333]" name="CheckMatchPage" duration-ms="33" started-at="2018-06-22T16:51:37Z" depends-on-methods="TestFile.SelectGreenBox" finished-at="2018-06-22T16:51:37Z">
          <reporter-output>
          </reporter-output>
        </test-method> <!-- CheckMatchPage -->
        <test-method status="PASS" signature="CheckErrorPage()[pri:0, instance:TestFile@f71333]" name="CheckErrorPage" duration-ms="62" started-at="2018-06-22T16:51:37Z" depends-on-methods="TestFile.SelectRedBox" finished-at="2018-06-22T16:51:37Z">
          <reporter-output>
          </reporter-output>
        </test-method> <!-- CheckErrorPage -->
        <test-method status="PASS" signature="BoxNonMatched()[pri:0, instance:TestFile@f71333]" name="BoxNonMatched" duration-ms="263" started-at="2018-06-22T16:51:37Z" depends-on-methods="TestFile.CheckMatchPage" finished-at="2018-06-22T16:51:38Z">
          <reporter-output>
          </reporter-output>
        </test-method> <!-- BoxNonMatched -->
        <test-method status="PASS" signature="BoxesMatched()[pri:0, instance:TestFile@f71333]" name="BoxesMatched" duration-ms="540" started-at="2018-06-22T16:51:38Z" depends-on-methods="TestFile.CheckMatchPage" finished-at="2018-06-22T16:51:38Z">
          <reporter-output>
          </reporter-output>
        </test-method> <!-- BoxesMatched -->
        <test-method status="PASS" signature="CheckDragPage()[pri:0, instance:TestFile@f71333]" name="CheckDragPage" duration-ms="33" started-at="2018-06-22T16:51:38Z" depends-on-methods="TestFile.BoxesMatched" finished-at="2018-06-22T16:51:38Z">
          <reporter-output>
          </reporter-output>
        </test-method> <!-- CheckDragPage -->
        <test-method status="PASS" signature="UnsuccessfulDrag()[pri:0, instance:TestFile@f71333]" name="UnsuccessfulDrag" duration-ms="90" started-at="2018-06-22T16:51:38Z" depends-on-methods="TestFile.CheckDragPage" finished-at="2018-06-22T16:51:38Z">
          <reporter-output>
          </reporter-output>
        </test-method> <!-- UnsuccessfulDrag -->
        <test-method status="PASS" signature="SuccessfulDrag()[pri:0, instance:TestFile@f71333]" name="SuccessfulDrag" duration-ms="368" started-at="2018-06-22T16:51:38Z" depends-on-methods="TestFile.CheckDragPage" finished-at="2018-06-22T16:51:39Z">
          <reporter-output>
          </reporter-output>
        </test-method> <!-- SuccessfulDrag -->
        <test-method status="PASS" signature="CheckPopupPageValidity()[pri:0, instance:TestFile@f71333]" name="CheckPopupPageValidity" duration-ms="27" started-at="2018-06-22T16:51:39Z" depends-on-methods="TestFile.SuccessfulDrag" finished-at="2018-06-22T16:51:39Z">
          <reporter-output>
          </reporter-output>
        </test-method> <!-- CheckPopupPageValidity -->
        <test-method status="PASS" signature="ProceedNextDirectlyFromPopupPage()[pri:0, instance:TestFile@f71333]" name="ProceedNextDirectlyFromPopupPage" duration-ms="86" started-at="2018-06-22T16:51:39Z" depends-on-methods="TestFile.CheckPopupPageValidity" finished-at="2018-06-22T16:51:39Z">
          <reporter-output>
          </reporter-output>
        </test-method> <!-- ProceedNextDirectlyFromPopupPage -->
        <test-method status="PASS" signature="OpenPopupSuccessfully()[pri:0, instance:TestFile@f71333]" name="OpenPopupSuccessfully" duration-ms="108" started-at="2018-06-22T16:51:39Z" depends-on-methods="TestFile.CheckPopupPageValidity" finished-at="2018-06-22T16:51:39Z">
          <reporter-output>
          </reporter-output>
        </test-method> <!-- OpenPopupSuccessfully -->
        <test-method status="PASS" signature="CheckPopupWindowValidity()[pri:0, instance:TestFile@f71333]" name="CheckPopupWindowValidity" duration-ms="1076" started-at="2018-06-22T16:51:39Z" depends-on-methods="TestFile.OpenPopupSuccessfully" finished-at="2018-06-22T16:51:40Z">
          <reporter-output>
          </reporter-output>
        </test-method> <!-- CheckPopupWindowValidity -->
        <test-method status="PASS" signature="EmptyStringPassed()[pri:0, instance:TestFile@f71333]" name="EmptyStringPassed" duration-ms="290" started-at="2018-06-22T16:51:40Z" depends-on-methods="TestFile.CheckPopupWindowValidity" finished-at="2018-06-22T16:51:40Z">
          <reporter-output>
          </reporter-output>
        </test-method> <!-- EmptyStringPassed -->
        <test-method status="PASS" signature="ValidStringPassed()[pri:0, instance:TestFile@f71333]" name="ValidStringPassed" duration-ms="1432" started-at="2018-06-22T16:51:40Z" depends-on-methods="TestFile.CheckPopupWindowValidity" finished-at="2018-06-22T16:51:42Z">
          <reporter-output>
          </reporter-output>
        </test-method> <!-- ValidStringPassed -->
        <test-method status="PASS" signature="CheckCookiePageValidity()[pri:0, instance:TestFile@f71333]" name="CheckCookiePageValidity" duration-ms="28" started-at="2018-06-22T16:51:42Z" depends-on-methods="TestFile.ValidStringPassed" finished-at="2018-06-22T16:51:42Z">
          <reporter-output>
          </reporter-output>
        </test-method> <!-- CheckCookiePageValidity -->
        <test-method status="PASS" signature="InvalidToken()[pri:0, instance:TestFile@f71333]" name="InvalidToken" duration-ms="90" started-at="2018-06-22T16:51:42Z" depends-on-methods="TestFile.CheckCookiePageValidity" finished-at="2018-06-22T16:51:42Z">
          <reporter-output>
          </reporter-output>
        </test-method> <!-- InvalidToken -->
        <test-method status="PASS" signature="ValidToken()[pri:0, instance:TestFile@f71333]" name="ValidToken" duration-ms="223" started-at="2018-06-22T16:51:42Z" depends-on-methods="TestFile.CheckCookiePageValidity" finished-at="2018-06-22T16:51:42Z">
          <reporter-output>
          </reporter-output>
        </test-method> <!-- ValidToken -->
        <test-method status="PASS" signature="CheckEndPageValidity()[pri:0, instance:TestFile@f71333]" name="CheckEndPageValidity" duration-ms="26" started-at="2018-06-22T16:51:42Z" depends-on-methods="TestFile.ValidToken" finished-at="2018-06-22T16:51:42Z">
          <reporter-output>
          </reporter-output>
        </test-method> <!-- CheckEndPageValidity -->
      </class> <!-- TestFile -->
    </test> <!-- Command line test -->
  </suite> <!-- TestFile -->
</testng-results>
