<?xml version="1.0" encoding="UTF-8"?>
<!-- Generated by org.testng.reporters.JUnitXMLReporter -->
<testsuite hostname="DLDA0016" tests="19" failures="1" timestamp="22 Jun 2018 08:55:50 GMT" time="3.613" errors="0">
  <testcase name="CourseSelect" time="0.169" classname="TestFile"/>
  <testcase name="CheckGridPage" time="0.036" classname="TestFile">
    <failure type="java.lang.AssertionError">
      <![CDATA[java.lang.AssertionError
	at Grid.checkGridPageValidity(Grid.java:26)
	at TestFile.CheckGridPage(TestFile.java:48)
	at org.apache.maven.surefire.testng.TestNGExecutor.run(TestNGExecutor.java:70)
	at org.apache.maven.surefire.testng.TestNGDirectoryTestSuite.execute(TestNGDirectoryTestSuite.java:109)
	at org.apache.maven.surefire.testng.TestNGProvider.invoke(TestNGProvider.java:111)
	at org.apache.maven.surefire.util.ReflectionUtils.invokeMethodWithArray(ReflectionUtils.java:164)
	at org.apache.maven.surefire.booter.ProviderFactory$ProviderProxy.invoke(ProviderFactory.java:110)
	at org.apache.maven.surefire.booter.SurefireStarter.invokeProvider(SurefireStarter.java:175)
	at org.apache.maven.surefire.booter.SurefireStarter.runSuitesInProcessWhenForked(SurefireStarter.java:107)
	at org.apache.maven.surefire.booter.ForkedBooter.main(ForkedBooter.java:68)
... Removed 25 stack frames]]>
    </failure>
  </testcase> <!-- CheckGridPage -->
  <testcase name="SelectRedBox" time="0.0" classname="TestFile">
    <skipped/>
  </testcase> <!-- SelectRedBox -->
  <testcase name="SelectGreenBox" time="0.0" classname="TestFile">
    <skipped/>
  </testcase> <!-- SelectGreenBox -->
  <testcase name="CheckMatchPage" time="0.001" classname="TestFile">
    <skipped/>
  </testcase> <!-- CheckMatchPage -->
  <testcase name="CheckErrorPage" time="0.0" classname="TestFile">
    <skipped/>
  </testcase> <!-- CheckErrorPage -->
  <testcase name="BoxNonMatched" time="0.0" classname="TestFile">
    <skipped/>
  </testcase> <!-- BoxNonMatched -->
  <testcase name="BoxesMatched" time="0.0" classname="TestFile">
    <skipped/>
  </testcase> <!-- BoxesMatched -->
  <testcase name="CheckDragPage" time="0.0" classname="TestFile">
    <skipped/>
  </testcase> <!-- CheckDragPage -->
  <testcase name="UnsuccessfulDrag" time="0.0" classname="TestFile">
    <skipped/>
  </testcase> <!-- UnsuccessfulDrag -->
  <testcase name="SuccessfulDrag" time="0.001" classname="TestFile">
    <skipped/>
  </testcase> <!-- SuccessfulDrag -->
  <testcase name="CheckPopupPageValidity" time="0.0" classname="TestFile">
    <skipped/>
  </testcase> <!-- CheckPopupPageValidity -->
  <testcase name="ProceedNextDirectlyFromPopupPage" time="0.0" classname="TestFile">
    <skipped/>
  </testcase> <!-- ProceedNextDirectlyFromPopupPage -->
  <testcase name="OpenPopupSuccessfully" time="0.0" classname="TestFile">
    <skipped/>
  </testcase> <!-- OpenPopupSuccessfully -->
  <testcase name="CheckPopupWindowValidity" time="0.0" classname="TestFile">
    <skipped/>
  </testcase> <!-- CheckPopupWindowValidity -->
  <testcase name="EmptyStringPassed" time="0.001" classname="TestFile">
    <skipped/>
  </testcase> <!-- EmptyStringPassed -->
  <testcase name="ValidStringPassed" time="0.0" classname="TestFile">
    <skipped/>
  </testcase> <!-- ValidStringPassed -->
  <testcase name="CheckCookiePageValidity" time="0.0" classname="TestFile">
    <skipped/>
  </testcase> <!-- CheckCookiePageValidity -->
  <testcase name="mm" time="0.0" classname="TestFile">
    <skipped/>
  </testcase> <!-- mm -->
</testsuite>
