<?xml version="1.0" encoding="UTF-8"?>
<!-- Generated by org.testng.reporters.JUnitXMLReporter -->
<testsuite hostname="DLDA0016" tests="21" failures="0" timestamp="22 Jun 2018 11:21:42 GMT" time="8.549" errors="0">
  <testcase name="CourseSelect" time="0.152" classname="TestFile"/>
  <testcase name="CheckGridPage" time="0.04" classname="TestFile"/>
  <testcase name="SelectRedBox" time="0.1" classname="TestFile"/>
  <testcase name="SelectGreenBox" time="0.24" classname="TestFile"/>
  <testcase name="CheckMatchPage" time="0.033" classname="TestFile"/>
  <testcase name="CheckErrorPage" time="0.062" classname="TestFile"/>
  <testcase name="BoxNonMatched" time="0.263" classname="TestFile"/>
  <testcase name="BoxesMatched" time="0.54" classname="TestFile"/>
  <testcase name="CheckDragPage" time="0.033" classname="TestFile"/>
  <testcase name="UnsuccessfulDrag" time="0.09" classname="TestFile"/>
  <testcase name="SuccessfulDrag" time="0.368" classname="TestFile"/>
  <testcase name="CheckPopupPageValidity" time="0.027" classname="TestFile"/>
  <testcase name="ProceedNextDirectlyFromPopupPage" time="0.086" classname="TestFile"/>
  <testcase name="OpenPopupSuccessfully" time="0.108" classname="TestFile"/>
  <testcase name="CheckPopupWindowValidity" time="1.076" classname="TestFile"/>
  <testcase name="EmptyStringPassed" time="0.29" classname="TestFile"/>
  <testcase name="ValidStringPassed" time="1.432" classname="TestFile"/>
  <testcase name="CheckCookiePageValidity" time="0.028" classname="TestFile"/>
  <testcase name="InvalidToken" time="0.09" classname="TestFile"/>
  <testcase name="ValidToken" time="0.223" classname="TestFile"/>
  <testcase name="CheckEndPageValidity" time="0.026" classname="TestFile"/>
</testsuite>
